# JRE version: Java(TM) SE Runtime Environment (7.0_79-b15) (build 1.7.0_79-b15)
# Java VM: Java HotSpot(TM) 64-Bit Server VM (24.79-b02 mixed mode windows-amd64 compressed oops)
Heap
 PSYoungGen      total 663552K, used 3520K [0x00000007d5e80000, 0x00000007ffd00000, 0x0000000800000000)
  eden space 640000K, 0% used [0x00000007d5e80000,0x00000007d5e80000,0x00000007fcf80000)
  from space 23552K, 14% used [0x00000007fe600000,0x00000007fe970000,0x00000007ffd00000)
  to   space 23040K, 0% used [0x00000007fcf80000,0x00000007fcf80000,0x00000007fe600000)
 ParOldGen       total 795136K, used 785791K [0x0000000781c00000, 0x00000007b2480000, 0x00000007d5e80000)
  object space 795136K, 98% used [0x0000000781c00000,0x00000007b1b5fc40,0x00000007b2480000)
 PSPermGen       total 21504K, used 3039K [0x000000077ca00000, 0x000000077df00000, 0x0000000781c00000)
  object space 21504K, 14% used [0x000000077ca00000,0x000000077ccf7e00,0x000000077df00000)
GC Heap History (10 events):
Event: 3310.901 GC heap after
Heap after GC invocations=129 (full 5):
 PSYoungGen      total 659456K, used 4160K [0x00000007d5e80000, 0x00000007ffd00000, 0x0000000800000000)
  eden space 631808K, 0% used [0x00000007d5e80000,0x00000007d5e80000,0x00000007fc780000)
  from space 27648K, 15% used [0x00000007fe200000,0x00000007fe610000,0x00000007ffd00000)
  to   space 27136K, 0% used [0x00000007fc780000,0x00000007fc780000,0x00000007fe200000)
 ParOldGen       total 795136K, used 769359K [0x0000000781c00000, 0x00000007b2480000, 0x00000007d5e80000)
  object space 795136K, 96% used [0x0000000781c00000,0x00000007b0b53c40,0x00000007b2480000)
 PSPermGen       total 21504K, used 3039K [0x000000077ca00000, 0x000000077df00000, 0x0000000781c00000)
  object space 21504K, 14% used [0x000000077ca00000,0x000000077ccf7e00,0x000000077df00000)
}
Event: 3311.744 GC heap before
{Heap before GC invocations=130 (full 5):
 PSYoungGen      total 659456K, used 635968K [0x00000007d5e80000, 0x00000007ffd00000, 0x0000000800000000)
  eden space 631808K, 100% used [0x00000007d5e80000,0x00000007fc780000,0x00000007fc780000)
  from space 27648K, 15% used [0x00000007fe200000,0x00000007fe610000,0x00000007ffd00000)
  to   space 27136K, 0% used [0x00000007fc780000,0x00000007fc780000,0x00000007fe200000)
 ParOldGen       total 795136K, used 769359K [0x0000000781c00000, 0x00000007b2480000, 0x00000007d5e80000)
  object space 795136K, 96% used [0x0000000781c00000,0x00000007b0b53c40,0x00000007b2480000)
 PSPermGen       total 21504K, used 3039K [0x000000077ca00000, 0x000000077df00000, 0x0000000781c00000)
  object space 21504K, 14% used [0x000000077ca00000,0x000000077ccf7e00,0x000000077df00000)
Event: 3311.941 GC heap after
Heap after GC invocations=130 (full 5):
 PSYoungGen      total 658944K, used 4352K [0x00000007d5e80000, 0x00000007ffd80000, 0x0000000800000000)
  eden space 631808K, 0% used [0x00000007d5e80000,0x00000007d5e80000,0x00000007fc780000)
  from space 27136K, 16% used [0x00000007fc780000,0x00000007fcbc0000,0x00000007fe200000)
  to   space 26112K, 0% used [0x00000007fe400000,0x00000007fe400000,0x00000007ffd80000)
 ParOldGen       total 795136K, used 773495K [0x0000000781c00000, 0x00000007b2480000, 0x00000007d5e80000)
  object space 795136K, 97% used [0x0000000781c00000,0x00000007b0f5dc40,0x00000007b2480000)
 PSPermGen       total 21504K, used 3039K [0x000000077ca00000, 0x000000077df00000, 0x0000000781c00000)
  object space 21504K, 14% used [0x000000077ca00000,0x000000077ccf7e00,0x000000077df00000)
}
Event: 3312.694 GC heap before
{Heap before GC invocations=131 (full 5):
 PSYoungGen      total 658944K, used 636160K [0x00000007d5e80000, 0x00000007ffd80000, 0x0000000800000000)
  eden space 631808K, 100% used [0x00000007d5e80000,0x00000007fc780000,0x00000007fc780000)
  from space 27136K, 16% used [0x00000007fc780000,0x00000007fcbc0000,0x00000007fe200000)
  to   space 26112K, 0% used [0x00000007fe400000,0x00000007fe400000,0x00000007ffd80000)
 ParOldGen       total 795136K, used 773495K [0x0000000781c00000, 0x00000007b2480000, 0x00000007d5e80000)
  object space 795136K, 97% used [0x0000000781c00000,0x00000007b0f5dc40,0x00000007b2480000)
 PSPermGen       total 21504K, used 3039K [0x000000077ca00000, 0x000000077df00000, 0x0000000781c00000)
  object space 21504K, 14% used [0x000000077ca00000,0x000000077ccf7e00,0x000000077df00000)
Event: 3312.886 GC heap after
Heap after GC invocations=131 (full 5):
 PSYoungGen      total 661504K, used 4704K [0x00000007d5e80000, 0x00000007ffd00000, 0x0000000800000000)
  eden space 635904K, 0% used [0x00000007d5e80000,0x00000007d5e80000,0x00000007fcb80000)
  from space 25600K, 18% used [0x00000007fe400000,0x00000007fe898000,0x00000007ffd00000)
  to   space 25088K, 0% used [0x00000007fcb80000,0x00000007fcb80000,0x00000007fe400000)
 ParOldGen       total 795136K, used 777783K [0x0000000781c00000, 0x00000007b2480000, 0x00000007d5e80000)
  object space 795136K, 97% used [0x0000000781c00000,0x00000007b138dc40,0x00000007b2480000)
 PSPermGen       total 21504K, used 3039K [0x000000077ca00000, 0x000000077df00000, 0x0000000781c00000)
  object space 21504K, 14% used [0x000000077ca00000,0x000000077ccf7e00,0x000000077df00000)
}
Event: 3313.681 GC heap before
{Heap before GC invocations=132 (full 5):
 PSYoungGen      total 661504K, used 640608K [0x00000007d5e80000, 0x00000007ffd00000, 0x0000000800000000)
  eden space 635904K, 100% used [0x00000007d5e80000,0x00000007fcb80000,0x00000007fcb80000)
  from space 25600K, 18% used [0x00000007fe400000,0x00000007fe898000,0x00000007ffd00000)
  to   space 25088K, 0% used [0x00000007fcb80000,0x00000007fcb80000,0x00000007fe400000)
 ParOldGen       total 795136K, used 777783K [0x0000000781c00000, 0x00000007b2480000, 0x00000007d5e80000)
  object space 795136K, 97% used [0x0000000781c00000,0x00000007b138dc40,0x00000007b2480000)
 PSPermGen       total 21504K, used 3039K [0x000000077ca00000, 0x000000077df00000, 0x0000000781c00000)
  object space 21504K, 14% used [0x000000077ca00000,0x000000077ccf7e00,0x000000077df00000)
Event: 3313.863 GC heap after
Heap after GC invocations=132 (full 5):
 PSYoungGen      total 660992K, used 3360K [0x00000007d5e80000, 0x00000007ffd80000, 0x0000000800000000)
  eden space 635904K, 0% used [0x00000007d5e80000,0x00000007d5e80000,0x00000007fcb80000)
  from space 25088K, 13% used [0x00000007fcb80000,0x00000007fcec8000,0x00000007fe400000)
  to   space 24064K, 0% used [0x00000007fe600000,0x00000007fe600000,0x00000007ffd80000)
 ParOldGen       total 795136K, used 782463K [0x0000000781c00000, 0x00000007b2480000, 0x00000007d5e80000)
  object space 795136K, 98% used [0x0000000781c00000,0x00000007b181fc40,0x00000007b2480000)
 PSPermGen       total 21504K, used 3039K [0x000000077ca00000, 0x000000077df00000, 0x0000000781c00000)
  object space 21504K, 14% used [0x000000077ca00000,0x000000077ccf7e00,0x000000077df00000)
}
Event: 3314.698 GC heap before
{Heap before GC invocations=133 (full 5):
 PSYoungGen      total 660992K, used 639264K [0x00000007d5e80000, 0x00000007ffd80000, 0x0000000800000000)
  eden space 635904K, 100% used [0x00000007d5e80000,0x00000007fcb80000,0x00000007fcb80000)
  from space 25088K, 13% used [0x00000007fcb80000,0x00000007fcec8000,0x00000007fe400000)
  to   space 24064K, 0% used [0x00000007fe600000,0x00000007fe600000,0x00000007ffd80000)
 ParOldGen       total 795136K, used 782463K [0x0000000781c00000, 0x00000007b2480000, 0x00000007d5e80000)
  object space 795136K, 98% used [0x0000000781c00000,0x00000007b181fc40,0x00000007b2480000)
 PSPermGen       total 21504K, used 3039K [0x000000077ca00000, 0x000000077df00000, 0x0000000781c00000)
  object space 21504K, 14% used [0x000000077ca00000,0x000000077ccf7e00,0x000000077df00000)
Event: 3314.863 GC heap after
Heap after GC invocations=133 (full 5):
 PSYoungGen      total 663552K, used 3520K [0x00000007d5e80000, 0x00000007ffd00000, 0x0000000800000000)
  eden space 640000K, 0% used [0x00000007d5e80000,0x00000007d5e80000,0x00000007fcf80000)
  from space 23552K, 14% used [0x00000007fe600000,0x00000007fe970000,0x00000007ffd00000)
  to   space 23040K, 0% used [0x00000007fcf80000,0x00000007fcf80000,0x00000007fe600000)
 ParOldGen       total 795136K, used 785791K [0x0000000781c00000, 0x00000007b2480000, 0x00000007d5e80000)
  object space 795136K, 98% used [0x0000000781c00000,0x00000007b1b5fc40,0x00000007b2480000)
 PSPermGen       total 21504K, used 3039K [0x000000077ca00000, 0x000000077df00000, 0x0000000781c00000)
  object space 21504K, 14% used [0x000000077ca00000,0x000000077ccf7e00,0x000000077df00000)
}
Event: 3314.863 GC heap before
{Heap before GC invocations=134 (full 6):
 PSYoungGen      total 663552K, used 3520K [0x00000007d5e80000, 0x00000007ffd00000, 0x0000000800000000)
  eden space 640000K, 0% used [0x00000007d5e80000,0x00000007d5e80000,0x00000007fcf80000)
  from space 23552K, 14% used [0x00000007fe600000,0x00000007fe970000,0x00000007ffd00000)
  to   space 23040K, 0% used [0x00000007fcf80000,0x00000007fcf80000,0x00000007fe600000)
 ParOldGen       total 795136K, used 785791K [0x0000000781c00000, 0x00000007b2480000, 0x00000007d5e80000)
  object space 795136K, 98% used [0x0000000781c00000,0x00000007b1b5fc40,0x00000007b2480000)
 PSPermGen       total 21504K, used 3039K [0x000000077ca00000, 0x000000077df00000, 0x0000000781c00000)
  object space 21504K, 14% used [0x000000077ca00000,0x000000077ccf7e00,0x000000077df00000)

